<?xml version="1.0" encoding="UTF-8"?>
<testng-results total="8" passed="8" failed="0" skipped="0">
  <reporter-output>
  </reporter-output>
  <suite started-at="2024-04-09T05:17:30Z" name="Default suite" finished-at="2024-04-09T05:17:46Z" duration-ms="15654">
    <groups>
    </groups>
    <test started-at="2024-04-09T05:17:30Z" name="Default test" finished-at="2024-04-09T05:17:46Z" duration-ms="15654">
      <class name="testNGProject2.swagLabsPro">
        <test-method is-config="true" signature="setup()[pri:0, instance:testNGProject2.swagLabsPro@60129b9a]" started-at="2024-04-09T10:47:30Z" name="setup" finished-at="2024-04-09T10:47:35Z" duration-ms="5062" status="PASS">
          <reporter-output>
          </reporter-output>
        </test-method> <!-- setup -->
        <test-method is-config="true" signature="reportConfig()[pri:0, instance:testNGProject2.swagLabsPro@60129b9a]" started-at="2024-04-09T10:47:35Z" name="reportConfig" finished-at="2024-04-09T10:47:35Z" duration-ms="106" status="PASS">
          <reporter-output>
          </reporter-output>
        </test-method> <!-- reportConfig -->
        <test-method signature="oneTest()[pri:1, instance:testNGProject2.swagLabsPro@60129b9a]" started-at="2024-04-09T10:47:35Z" name="oneTest" finished-at="2024-04-09T10:47:37Z" duration-ms="1355" status="PASS">
          <reporter-output>
          </reporter-output>
        </test-method> <!-- oneTest -->
        <test-method signature="twoTest()[pri:2, instance:testNGProject2.swagLabsPro@60129b9a]" started-at="2024-04-09T10:47:37Z" name="twoTest" finished-at="2024-04-09T10:47:38Z" duration-ms="1220" status="PASS">
          <reporter-output>
          </reporter-output>
        </test-method> <!-- twoTest -->
        <test-method signature="threeTest()[pri:3, instance:testNGProject2.swagLabsPro@60129b9a]" started-at="2024-04-09T10:47:38Z" name="threeTest" finished-at="2024-04-09T10:47:39Z" duration-ms="1234" status="PASS">
          <reporter-output>
          </reporter-output>
        </test-method> <!-- threeTest -->
        <test-method signature="fourTest()[pri:4, instance:testNGProject2.swagLabsPro@60129b9a]" started-at="2024-04-09T10:47:39Z" name="fourTest" finished-at="2024-04-09T10:47:40Z" duration-ms="1238" status="PASS">
          <reporter-output>
          </reporter-output>
        </test-method> <!-- fourTest -->
        <test-method signature="fiveTest()[pri:5, instance:testNGProject2.swagLabsPro@60129b9a]" started-at="2024-04-09T10:47:40Z" name="fiveTest" finished-at="2024-04-09T10:47:42Z" duration-ms="1296" status="PASS">
          <reporter-output>
          </reporter-output>
        </test-method> <!-- fiveTest -->
        <test-method signature="sixTest()[pri:6, instance:testNGProject2.swagLabsPro@60129b9a]" started-at="2024-04-09T10:47:42Z" name="sixTest" finished-at="2024-04-09T10:47:43Z" duration-ms="1221" status="PASS">
          <reporter-output>
          </reporter-output>
        </test-method> <!-- sixTest -->
        <test-method signature="sevenTest()[pri:7, instance:testNGProject2.swagLabsPro@60129b9a]" started-at="2024-04-09T10:47:43Z" name="sevenTest" finished-at="2024-04-09T10:47:43Z" duration-ms="0" status="PASS">
          <reporter-output>
          </reporter-output>
        </test-method> <!-- sevenTest -->
        <test-method signature="eightTest()[pri:8, instance:testNGProject2.swagLabsPro@60129b9a]" started-at="2024-04-09T10:47:43Z" name="eightTest" finished-at="2024-04-09T10:47:43Z" duration-ms="65" status="PASS">
          <reporter-output>
          </reporter-output>
        </test-method> <!-- eightTest -->
        <test-method is-config="true" signature="reportflush()[pri:0, instance:testNGProject2.swagLabsPro@60129b9a]" started-at="2024-04-09T10:47:43Z" name="reportflush" finished-at="2024-04-09T10:47:43Z" duration-ms="169" status="PASS">
          <reporter-output>
          </reporter-output>
        </test-method> <!-- reportflush -->
        <test-method is-config="true" signature="tearDown()[pri:0, instance:testNGProject2.swagLabsPro@60129b9a]" started-at="2024-04-09T10:47:43Z" name="tearDown" finished-at="2024-04-09T10:47:46Z" duration-ms="2671" status="PASS">
          <reporter-output>
          </reporter-output>
        </test-method> <!-- tearDown -->
      </class> <!-- testNGProject2.swagLabsPro -->
    </test> <!-- Default test -->
  </suite> <!-- Default suite -->
</testng-results>
