<?xml version="1.0" encoding="UTF-8"?>
<!-- Generated by org.testng.reporters.JUnitXMLReporter -->
<testsuite hostname="DESKTOP-RGGV7IL" failures="0" tests="8" name="Default test" time="15.654" errors="0" timestamp="9 Apr 2024 05:17:46 GMT">
  <testcase classname="testNGProject2.swagLabsPro" name="oneTest" time="1.355"/>
  <testcase classname="testNGProject2.swagLabsPro" name="twoTest" time="1.22"/>
  <testcase classname="testNGProject2.swagLabsPro" name="threeTest" time="1.234"/>
  <testcase classname="testNGProject2.swagLabsPro" name="fourTest" time="1.238"/>
  <testcase classname="testNGProject2.swagLabsPro" name="fiveTest" time="1.296"/>
  <testcase classname="testNGProject2.swagLabsPro" name="sixTest" time="1.221"/>
  <testcase classname="testNGProject2.swagLabsPro" name="sevenTest" time="0.0"/>
  <testcase classname="testNGProject2.swagLabsPro" name="eightTest" time="0.065"/>
</testsuite> <!-- Default test -->
